<?xml version="1.0" encoding="UTF-8"?>
<testng-results ignored="0" total="1" passed="1" failed="0" skipped="0">
  <reporter-output>
  </reporter-output>
  <suite started-at="2024-06-11T14:36:54 PKT" name="Surefire suite" finished-at="2024-06-11T14:36:54 PKT" duration-ms="54">
    <groups>
    </groups>
    <test started-at="2024-06-11T14:36:54 PKT" name="Surefire test" finished-at="2024-06-11T14:36:54 PKT" duration-ms="54">
      <class name="org.example.AppTest">
        <test-method signature="testApp()[pri:0, instance:testApp(org.example.AppTest)]" started-at="2024-06-11T14:36:54 PKT" name="testApp" finished-at="2024-06-11T14:36:54 PKT" duration-ms="8" status="PASS">
          <reporter-output>
          </reporter-output>
        </test-method> <!-- testApp -->
      </class> <!-- org.example.AppTest -->
    </test> <!-- Surefire test -->
  </suite> <!-- Surefire suite -->
</testng-results>
